{"level":"info","message":"Server running on http://localhost:3051","service":"abacus-service"}
{"level":"info","message":"Addition performed: 1 + 5 = 6","service":"abacus-service"}
{"level":"info","message":"Addition performed: 1 + 2 = 3","service":"abacus-service"}
{"level":"info","message":"Subtraction performed: 1 - 2 = -1","service":"abacus-service"}
{"level":"info","message":"Addition performed: 5 + 6 = 11","service":"abacus-service"}
{"level":"info","message":"Server running on http://localhost:3051","service":"abacus-service"}
{"level":"info","message":"Multiplication performed: 8 * 2 = 16","service":"abacus-service"}
{"level":"info","message":"Division performed: 8 / 2 = 4","service":"abacus-service"}
{"level":"info","message":"Division performed: 5 / 2 = 2.5","service":"abacus-service"}
{"level":"info","message":"Multiplication performed: 5 * 2 = 10","service":"abacus-service"}
{"level":"info","message":"Multiplication performed: 5 * 2 = 10","service":"abacus-service"}
{"level":"info","message":"Subtraction performed: 5 - 2 = 3","service":"abacus-service"}
{"level":"info","message":"Addition performed: 5 + 2 = 7","service":"abacus-service"}
{"level":"info","message":"Server running on http://localhost:3051","service":"abacus-service"}
{"level":"info","message":"Addition performed: 9 + 9 = 18","service":"abacus-service"}
{"level":"info","message":"Multiplication performed: 11 * 11 = 121","service":"abacus-service"}
{"level":"info","message":"Server running on http://localhost:3051","service":"abacus-service"}
{"level":"info","message":"Exponentiation performed: 5 ^ 2 = 25","service":"abacus-service"}
{"level":"info","message":"Exponentiation performed: 5 ^ 3 = 125","service":"abacus-service"}
{"level":"info","message":"Square root performed: sqrt(4) = 2","service":"abacus-service"}
{"level":"info","message":"Square root performed: sqrt(9) = 3","service":"abacus-service"}
{"level":"info","message":"Modulo performed: 9 % 3 = 0","service":"abacus-service"}
